<?xml version="1.0" encoding="UTF-8"?>
<!-- Generated by org.testng.reporters.JUnitReportReporter -->
<testsuite hostname="LAPTOP-D5GEP091" failures="0" tests="1" name="test.AddCustomerTest" time="5.733" errors="0" timestamp="2021-03-23T02:50:11 CDT" skipped="0">
  <testcase classname="test.AddCustomerTest" name="addCustomer" time="5.733"/>
  <system-out/>
</testsuite> <!-- test.AddCustomerTest -->
