<?xml version="1.0" encoding="UTF-8"?>
<!-- Generated by org.testng.reporters.JUnitReportReporter -->
<testsuite hostname="LAPTOP-D5GEP091" failures="0" tests="1" name="util.BrowserFactory" time="3.146" errors="0" timestamp="2021-03-22T23:59:30 CDT" skipped="0">
  <testcase classname="util.BrowserFactory" name="init" time="3.146"/>
  <system-out/>
</testsuite> <!-- util.BrowserFactory -->
